Determining if the pthread_create exist failed with the following output:
Change Dir: /media/storage/github/cloudmesh/cloudmesh.ros/rosProjFinal/mybot_ws/build/catkin_tools_prebuild/CMakeFiles/CMakeTmp

Run Build Command:"/usr/bin/make" "cmTC_e2a5f/fast"
/usr/bin/make -f CMakeFiles/cmTC_e2a5f.dir/build.make CMakeFiles/cmTC_e2a5f.dir/build
make[1]: Entering directory '/media/storage/github/cloudmesh/cloudmesh.ros/rosProjFinal/mybot_ws/build/catkin_tools_prebuild/CMakeFiles/CMakeTmp'
Building C object CMakeFiles/cmTC_e2a5f.dir/CheckSymbolExists.c.o
/usr/bin/cc     -o CMakeFiles/cmTC_e2a5f.dir/CheckSymbolExists.c.o   -c /media/storage/github/cloudmesh/cloudmesh.ros/rosProjFinal/mybot_ws/build/catkin_tools_prebuild/CMakeFiles/CMakeTmp/CheckSymbolExists.c
Linking C executable cmTC_e2a5f
/usr/bin/cmake -E cmake_link_script CMakeFiles/cmTC_e2a5f.dir/link.txt --verbose=1
/usr/bin/cc       CMakeFiles/cmTC_e2a5f.dir/CheckSymbolExists.c.o  -o cmTC_e2a5f -rdynamic 
CMakeFiles/cmTC_e2a5f.dir/CheckSymbolExists.c.o: In function `main':
CheckSymbolExists.c:(.text+0x16): undefined reference to `pthread_create'
collect2: error: ld returned 1 exit status
CMakeFiles/cmTC_e2a5f.dir/build.make:97: recipe for target 'cmTC_e2a5f' failed
make[1]: *** [cmTC_e2a5f] Error 1
make[1]: Leaving directory '/media/storage/github/cloudmesh/cloudmesh.ros/rosProjFinal/mybot_ws/build/catkin_tools_prebuild/CMakeFiles/CMakeTmp'
Makefile:126: recipe for target 'cmTC_e2a5f/fast' failed
make: *** [cmTC_e2a5f/fast] Error 2

File /media/storage/github/cloudmesh/cloudmesh.ros/rosProjFinal/mybot_ws/build/catkin_tools_prebuild/CMakeFiles/CMakeTmp/CheckSymbolExists.c:
/* */
#include <pthread.h>

int main(int argc, char** argv)
{
  (void)argv;
#ifndef pthread_create
  return ((int*)(&pthread_create))[argc];
#else
  (void)argc;
  return 0;
#endif
}

Determining if the function pthread_create exists in the pthreads failed with the following output:
Change Dir: /media/storage/github/cloudmesh/cloudmesh.ros/rosProjFinal/mybot_ws/build/catkin_tools_prebuild/CMakeFiles/CMakeTmp

Run Build Command:"/usr/bin/make" "cmTC_5779d/fast"
/usr/bin/make -f CMakeFiles/cmTC_5779d.dir/build.make CMakeFiles/cmTC_5779d.dir/build
make[1]: Entering directory '/media/storage/github/cloudmesh/cloudmesh.ros/rosProjFinal/mybot_ws/build/catkin_tools_prebuild/CMakeFiles/CMakeTmp'
Building C object CMakeFiles/cmTC_5779d.dir/CheckFunctionExists.c.o
/usr/bin/cc    -DCHECK_FUNCTION_EXISTS=pthread_create   -o CMakeFiles/cmTC_5779d.dir/CheckFunctionExists.c.o   -c /usr/share/cmake-3.5/Modules/CheckFunctionExists.c
Linking C executable cmTC_5779d
/usr/bin/cmake -E cmake_link_script CMakeFiles/cmTC_5779d.dir/link.txt --verbose=1
/usr/bin/cc   -DCHECK_FUNCTION_EXISTS=pthread_create    CMakeFiles/cmTC_5779d.dir/CheckFunctionExists.c.o  -o cmTC_5779d -rdynamic -lpthreads 
/usr/bin/ld: cannot find -lpthreads
collect2: error: ld returned 1 exit status
CMakeFiles/cmTC_5779d.dir/build.make:97: recipe for target 'cmTC_5779d' failed
make[1]: *** [cmTC_5779d] Error 1
make[1]: Leaving directory '/media/storage/github/cloudmesh/cloudmesh.ros/rosProjFinal/mybot_ws/build/catkin_tools_prebuild/CMakeFiles/CMakeTmp'
Makefile:126: recipe for target 'cmTC_5779d/fast' failed
make: *** [cmTC_5779d/fast] Error 2


