Determining if the pthread_create exist failed with the following output:
Change Dir: /media/storage/github/cloudmesh/cloudmesh.ros/rosProj2/rosbot03/build/catkin_tools_prebuild/CMakeFiles/CMakeTmp

Run Build Command:"/usr/bin/make" "cmTC_ef55d/fast"
/usr/bin/make -f CMakeFiles/cmTC_ef55d.dir/build.make CMakeFiles/cmTC_ef55d.dir/build
make[1]: Entering directory '/media/storage/github/cloudmesh/cloudmesh.ros/rosProj2/rosbot03/build/catkin_tools_prebuild/CMakeFiles/CMakeTmp'
Building C object CMakeFiles/cmTC_ef55d.dir/CheckSymbolExists.c.o
/usr/bin/cc     -o CMakeFiles/cmTC_ef55d.dir/CheckSymbolExists.c.o   -c /media/storage/github/cloudmesh/cloudmesh.ros/rosProj2/rosbot03/build/catkin_tools_prebuild/CMakeFiles/CMakeTmp/CheckSymbolExists.c
Linking C executable cmTC_ef55d
/usr/bin/cmake -E cmake_link_script CMakeFiles/cmTC_ef55d.dir/link.txt --verbose=1
/usr/bin/cc       CMakeFiles/cmTC_ef55d.dir/CheckSymbolExists.c.o  -o cmTC_ef55d -rdynamic 
CMakeFiles/cmTC_ef55d.dir/CheckSymbolExists.c.o: In function `main':
CheckSymbolExists.c:(.text+0x16): undefined reference to `pthread_create'
collect2: error: ld returned 1 exit status
CMakeFiles/cmTC_ef55d.dir/build.make:97: recipe for target 'cmTC_ef55d' failed
make[1]: *** [cmTC_ef55d] Error 1
make[1]: Leaving directory '/media/storage/github/cloudmesh/cloudmesh.ros/rosProj2/rosbot03/build/catkin_tools_prebuild/CMakeFiles/CMakeTmp'
Makefile:126: recipe for target 'cmTC_ef55d/fast' failed
make: *** [cmTC_ef55d/fast] Error 2

File /media/storage/github/cloudmesh/cloudmesh.ros/rosProj2/rosbot03/build/catkin_tools_prebuild/CMakeFiles/CMakeTmp/CheckSymbolExists.c:
/* */
#include <pthread.h>

int main(int argc, char** argv)
{
  (void)argv;
#ifndef pthread_create
  return ((int*)(&pthread_create))[argc];
#else
  (void)argc;
  return 0;
#endif
}

Determining if the function pthread_create exists in the pthreads failed with the following output:
Change Dir: /media/storage/github/cloudmesh/cloudmesh.ros/rosProj2/rosbot03/build/catkin_tools_prebuild/CMakeFiles/CMakeTmp

Run Build Command:"/usr/bin/make" "cmTC_3b4ce/fast"
/usr/bin/make -f CMakeFiles/cmTC_3b4ce.dir/build.make CMakeFiles/cmTC_3b4ce.dir/build
make[1]: Entering directory '/media/storage/github/cloudmesh/cloudmesh.ros/rosProj2/rosbot03/build/catkin_tools_prebuild/CMakeFiles/CMakeTmp'
Building C object CMakeFiles/cmTC_3b4ce.dir/CheckFunctionExists.c.o
/usr/bin/cc    -DCHECK_FUNCTION_EXISTS=pthread_create   -o CMakeFiles/cmTC_3b4ce.dir/CheckFunctionExists.c.o   -c /usr/share/cmake-3.5/Modules/CheckFunctionExists.c
Linking C executable cmTC_3b4ce
/usr/bin/cmake -E cmake_link_script CMakeFiles/cmTC_3b4ce.dir/link.txt --verbose=1
/usr/bin/cc   -DCHECK_FUNCTION_EXISTS=pthread_create    CMakeFiles/cmTC_3b4ce.dir/CheckFunctionExists.c.o  -o cmTC_3b4ce -rdynamic -lpthreads 
/usr/bin/ld: cannot find -lpthreads
collect2: error: ld returned 1 exit status
CMakeFiles/cmTC_3b4ce.dir/build.make:97: recipe for target 'cmTC_3b4ce' failed
make[1]: *** [cmTC_3b4ce] Error 1
make[1]: Leaving directory '/media/storage/github/cloudmesh/cloudmesh.ros/rosProj2/rosbot03/build/catkin_tools_prebuild/CMakeFiles/CMakeTmp'
Makefile:126: recipe for target 'cmTC_3b4ce/fast' failed
make: *** [cmTC_3b4ce/fast] Error 2


