Determining if the pthread_create exist failed with the following output:
Change Dir: /media/storage/github/cloudmesh/cloudmesh.ros/rosProjFinal/mybot_ws/build/mybot_gazebo/CMakeFiles/CMakeTmp

Run Build Command:"/usr/bin/make" "cmTC_0762e/fast"
/usr/bin/make -f CMakeFiles/cmTC_0762e.dir/build.make CMakeFiles/cmTC_0762e.dir/build
make[1]: Entering directory '/media/storage/github/cloudmesh/cloudmesh.ros/rosProjFinal/mybot_ws/build/mybot_gazebo/CMakeFiles/CMakeTmp'
Building C object CMakeFiles/cmTC_0762e.dir/CheckSymbolExists.c.o
/usr/bin/cc     -o CMakeFiles/cmTC_0762e.dir/CheckSymbolExists.c.o   -c /media/storage/github/cloudmesh/cloudmesh.ros/rosProjFinal/mybot_ws/build/mybot_gazebo/CMakeFiles/CMakeTmp/CheckSymbolExists.c
Linking C executable cmTC_0762e
/usr/bin/cmake -E cmake_link_script CMakeFiles/cmTC_0762e.dir/link.txt --verbose=1
/usr/bin/cc       CMakeFiles/cmTC_0762e.dir/CheckSymbolExists.c.o  -o cmTC_0762e -rdynamic 
CMakeFiles/cmTC_0762e.dir/CheckSymbolExists.c.o: In function `main':
CheckSymbolExists.c:(.text+0x16): undefined reference to `pthread_create'
collect2: error: ld returned 1 exit status
CMakeFiles/cmTC_0762e.dir/build.make:97: recipe for target 'cmTC_0762e' failed
make[1]: *** [cmTC_0762e] Error 1
make[1]: Leaving directory '/media/storage/github/cloudmesh/cloudmesh.ros/rosProjFinal/mybot_ws/build/mybot_gazebo/CMakeFiles/CMakeTmp'
Makefile:126: recipe for target 'cmTC_0762e/fast' failed
make: *** [cmTC_0762e/fast] Error 2

File /media/storage/github/cloudmesh/cloudmesh.ros/rosProjFinal/mybot_ws/build/mybot_gazebo/CMakeFiles/CMakeTmp/CheckSymbolExists.c:
/* */
#include <pthread.h>

int main(int argc, char** argv)
{
  (void)argv;
#ifndef pthread_create
  return ((int*)(&pthread_create))[argc];
#else
  (void)argc;
  return 0;
#endif
}

Determining if the function pthread_create exists in the pthreads failed with the following output:
Change Dir: /media/storage/github/cloudmesh/cloudmesh.ros/rosProjFinal/mybot_ws/build/mybot_gazebo/CMakeFiles/CMakeTmp

Run Build Command:"/usr/bin/make" "cmTC_98ef5/fast"
/usr/bin/make -f CMakeFiles/cmTC_98ef5.dir/build.make CMakeFiles/cmTC_98ef5.dir/build
make[1]: Entering directory '/media/storage/github/cloudmesh/cloudmesh.ros/rosProjFinal/mybot_ws/build/mybot_gazebo/CMakeFiles/CMakeTmp'
Building C object CMakeFiles/cmTC_98ef5.dir/CheckFunctionExists.c.o
/usr/bin/cc    -DCHECK_FUNCTION_EXISTS=pthread_create   -o CMakeFiles/cmTC_98ef5.dir/CheckFunctionExists.c.o   -c /usr/share/cmake-3.5/Modules/CheckFunctionExists.c
Linking C executable cmTC_98ef5
/usr/bin/cmake -E cmake_link_script CMakeFiles/cmTC_98ef5.dir/link.txt --verbose=1
/usr/bin/cc   -DCHECK_FUNCTION_EXISTS=pthread_create    CMakeFiles/cmTC_98ef5.dir/CheckFunctionExists.c.o  -o cmTC_98ef5 -rdynamic -lpthreads 
/usr/bin/ld: cannot find -lpthreads
collect2: error: ld returned 1 exit status
CMakeFiles/cmTC_98ef5.dir/build.make:97: recipe for target 'cmTC_98ef5' failed
make[1]: *** [cmTC_98ef5] Error 1
make[1]: Leaving directory '/media/storage/github/cloudmesh/cloudmesh.ros/rosProjFinal/mybot_ws/build/mybot_gazebo/CMakeFiles/CMakeTmp'
Makefile:126: recipe for target 'cmTC_98ef5/fast' failed
make: *** [cmTC_98ef5/fast] Error 2


