Determining if the pthread_create exist failed with the following output:
Change Dir: /media/storage/github/cloudmesh/cloudmesh.ros/rosProj2/rosbot03/build/mybot_description/CMakeFiles/CMakeTmp

Run Build Command:"/usr/bin/make" "cmTC_8603a/fast"
/usr/bin/make -f CMakeFiles/cmTC_8603a.dir/build.make CMakeFiles/cmTC_8603a.dir/build
make[1]: Entering directory '/media/storage/github/cloudmesh/cloudmesh.ros/rosProj2/rosbot03/build/mybot_description/CMakeFiles/CMakeTmp'
Building C object CMakeFiles/cmTC_8603a.dir/CheckSymbolExists.c.o
/usr/bin/cc     -o CMakeFiles/cmTC_8603a.dir/CheckSymbolExists.c.o   -c /media/storage/github/cloudmesh/cloudmesh.ros/rosProj2/rosbot03/build/mybot_description/CMakeFiles/CMakeTmp/CheckSymbolExists.c
Linking C executable cmTC_8603a
/usr/bin/cmake -E cmake_link_script CMakeFiles/cmTC_8603a.dir/link.txt --verbose=1
/usr/bin/cc       CMakeFiles/cmTC_8603a.dir/CheckSymbolExists.c.o  -o cmTC_8603a -rdynamic 
CMakeFiles/cmTC_8603a.dir/CheckSymbolExists.c.o: In function `main':
CheckSymbolExists.c:(.text+0x16): undefined reference to `pthread_create'
collect2: error: ld returned 1 exit status
CMakeFiles/cmTC_8603a.dir/build.make:97: recipe for target 'cmTC_8603a' failed
make[1]: *** [cmTC_8603a] Error 1
make[1]: Leaving directory '/media/storage/github/cloudmesh/cloudmesh.ros/rosProj2/rosbot03/build/mybot_description/CMakeFiles/CMakeTmp'
Makefile:126: recipe for target 'cmTC_8603a/fast' failed
make: *** [cmTC_8603a/fast] Error 2

File /media/storage/github/cloudmesh/cloudmesh.ros/rosProj2/rosbot03/build/mybot_description/CMakeFiles/CMakeTmp/CheckSymbolExists.c:
/* */
#include <pthread.h>

int main(int argc, char** argv)
{
  (void)argv;
#ifndef pthread_create
  return ((int*)(&pthread_create))[argc];
#else
  (void)argc;
  return 0;
#endif
}

Determining if the function pthread_create exists in the pthreads failed with the following output:
Change Dir: /media/storage/github/cloudmesh/cloudmesh.ros/rosProj2/rosbot03/build/mybot_description/CMakeFiles/CMakeTmp

Run Build Command:"/usr/bin/make" "cmTC_d8b96/fast"
/usr/bin/make -f CMakeFiles/cmTC_d8b96.dir/build.make CMakeFiles/cmTC_d8b96.dir/build
make[1]: Entering directory '/media/storage/github/cloudmesh/cloudmesh.ros/rosProj2/rosbot03/build/mybot_description/CMakeFiles/CMakeTmp'
Building C object CMakeFiles/cmTC_d8b96.dir/CheckFunctionExists.c.o
/usr/bin/cc    -DCHECK_FUNCTION_EXISTS=pthread_create   -o CMakeFiles/cmTC_d8b96.dir/CheckFunctionExists.c.o   -c /usr/share/cmake-3.5/Modules/CheckFunctionExists.c
Linking C executable cmTC_d8b96
/usr/bin/cmake -E cmake_link_script CMakeFiles/cmTC_d8b96.dir/link.txt --verbose=1
/usr/bin/cc   -DCHECK_FUNCTION_EXISTS=pthread_create    CMakeFiles/cmTC_d8b96.dir/CheckFunctionExists.c.o  -o cmTC_d8b96 -rdynamic -lpthreads 
/usr/bin/ld: cannot find -lpthreads
collect2: error: ld returned 1 exit status
CMakeFiles/cmTC_d8b96.dir/build.make:97: recipe for target 'cmTC_d8b96' failed
make[1]: *** [cmTC_d8b96] Error 1
make[1]: Leaving directory '/media/storage/github/cloudmesh/cloudmesh.ros/rosProj2/rosbot03/build/mybot_description/CMakeFiles/CMakeTmp'
Makefile:126: recipe for target 'cmTC_d8b96/fast' failed
make: *** [cmTC_d8b96/fast] Error 2


