Determining if the pthread_create exist failed with the following output:
Change Dir: /media/storage/github/cloudmesh/cloudmesh.ros/rosProj2/rosbot08/build/catkin_tools_prebuild/CMakeFiles/CMakeTmp

Run Build Command:"/usr/bin/make" "cmTC_eedef/fast"
/usr/bin/make -f CMakeFiles/cmTC_eedef.dir/build.make CMakeFiles/cmTC_eedef.dir/build
make[1]: Entering directory '/media/storage/github/cloudmesh/cloudmesh.ros/rosProj2/rosbot08/build/catkin_tools_prebuild/CMakeFiles/CMakeTmp'
Building C object CMakeFiles/cmTC_eedef.dir/CheckSymbolExists.c.o
/usr/bin/cc     -o CMakeFiles/cmTC_eedef.dir/CheckSymbolExists.c.o   -c /media/storage/github/cloudmesh/cloudmesh.ros/rosProj2/rosbot08/build/catkin_tools_prebuild/CMakeFiles/CMakeTmp/CheckSymbolExists.c
Linking C executable cmTC_eedef
/usr/bin/cmake -E cmake_link_script CMakeFiles/cmTC_eedef.dir/link.txt --verbose=1
/usr/bin/cc       CMakeFiles/cmTC_eedef.dir/CheckSymbolExists.c.o  -o cmTC_eedef -rdynamic 
CMakeFiles/cmTC_eedef.dir/CheckSymbolExists.c.o: In function `main':
CheckSymbolExists.c:(.text+0x16): undefined reference to `pthread_create'
collect2: error: ld returned 1 exit status
CMakeFiles/cmTC_eedef.dir/build.make:97: recipe for target 'cmTC_eedef' failed
make[1]: *** [cmTC_eedef] Error 1
make[1]: Leaving directory '/media/storage/github/cloudmesh/cloudmesh.ros/rosProj2/rosbot08/build/catkin_tools_prebuild/CMakeFiles/CMakeTmp'
Makefile:126: recipe for target 'cmTC_eedef/fast' failed
make: *** [cmTC_eedef/fast] Error 2

File /media/storage/github/cloudmesh/cloudmesh.ros/rosProj2/rosbot08/build/catkin_tools_prebuild/CMakeFiles/CMakeTmp/CheckSymbolExists.c:
/* */
#include <pthread.h>

int main(int argc, char** argv)
{
  (void)argv;
#ifndef pthread_create
  return ((int*)(&pthread_create))[argc];
#else
  (void)argc;
  return 0;
#endif
}

Determining if the function pthread_create exists in the pthreads failed with the following output:
Change Dir: /media/storage/github/cloudmesh/cloudmesh.ros/rosProj2/rosbot08/build/catkin_tools_prebuild/CMakeFiles/CMakeTmp

Run Build Command:"/usr/bin/make" "cmTC_e9714/fast"
/usr/bin/make -f CMakeFiles/cmTC_e9714.dir/build.make CMakeFiles/cmTC_e9714.dir/build
make[1]: Entering directory '/media/storage/github/cloudmesh/cloudmesh.ros/rosProj2/rosbot08/build/catkin_tools_prebuild/CMakeFiles/CMakeTmp'
Building C object CMakeFiles/cmTC_e9714.dir/CheckFunctionExists.c.o
/usr/bin/cc    -DCHECK_FUNCTION_EXISTS=pthread_create   -o CMakeFiles/cmTC_e9714.dir/CheckFunctionExists.c.o   -c /usr/share/cmake-3.5/Modules/CheckFunctionExists.c
Linking C executable cmTC_e9714
/usr/bin/cmake -E cmake_link_script CMakeFiles/cmTC_e9714.dir/link.txt --verbose=1
/usr/bin/cc   -DCHECK_FUNCTION_EXISTS=pthread_create    CMakeFiles/cmTC_e9714.dir/CheckFunctionExists.c.o  -o cmTC_e9714 -rdynamic -lpthreads 
/usr/bin/ld: cannot find -lpthreads
collect2: error: ld returned 1 exit status
CMakeFiles/cmTC_e9714.dir/build.make:97: recipe for target 'cmTC_e9714' failed
make[1]: *** [cmTC_e9714] Error 1
make[1]: Leaving directory '/media/storage/github/cloudmesh/cloudmesh.ros/rosProj2/rosbot08/build/catkin_tools_prebuild/CMakeFiles/CMakeTmp'
Makefile:126: recipe for target 'cmTC_e9714/fast' failed
make: *** [cmTC_e9714/fast] Error 2


